[debug] [2025-12-30T18:52:04.912Z] ----------------------------------------------------------------------
[debug] [2025-12-30T18:52:04.921Z] Command:       /Users/scottwattenbarger/.nvm/versions/node/v20.19.2/bin/node /Users/scottwattenbarger/.nvm/versions/node/v20.19.2/bin/firebase init
[debug] [2025-12-30T18:52:04.922Z] CLI Version:   15.1.0
[debug] [2025-12-30T18:52:04.922Z] Platform:      darwin
[debug] [2025-12-30T18:52:04.922Z] Node Version:  v20.19.2
[debug] [2025-12-30T18:52:04.922Z] Time:          Tue Dec 30 2025 10:52:04 GMT-0800 (Pacific Standard Time)
[debug] [2025-12-30T18:52:04.922Z] ----------------------------------------------------------------------
[debug] 
[debug] [2025-12-30T18:52:04.923Z] >>> [apiv2][query] GET https://firebase-public.firebaseio.com/cli.json [none]
[info] 
     ######## #### ########  ######## ########     ###     ######  ########
     ##        ##  ##     ## ##       ##     ##  ##   ##  ##       ##
     ######    ##  ########  ######   ########  #########  ######  ######
     ##        ##  ##    ##  ##       ##     ## ##     ##       ## ##
     ##       #### ##     ## ######## ########  ##     ##  ######  ########

You're about to initialize a Firebase project in this directory:

  /Users/scottwattenbarger/Watches/watch-plug

[debug] [2025-12-30T18:52:05.944Z] <<< [apiv2][status] GET https://firebase-public.firebaseio.com/cli.json 200
[debug] [2025-12-30T18:52:05.945Z] <<< [apiv2][body] GET https://firebase-public.firebaseio.com/cli.json {"cloudBuildErrorAfter":1594252800000,"cloudBuildWarnAfter":1590019200000,"defaultNode10After":1594252800000,"minVersion":"3.0.5","node8DeploysDisabledAfter":1613390400000,"node8RuntimeDisabledAfter":1615809600000,"node8WarnAfter":1600128000000}
[info] 
=== Project Setup
[info] 
[info] First, let's associate this project directory with a Firebase project.
[info] You can create multiple project aliases by running firebase use --add, 
[info] 
[debug] [2025-12-30T18:53:56.393Z] > command requires scopes: ["email","openid","https://www.googleapis.com/auth/cloudplatformprojects.readonly","https://www.googleapis.com/auth/firebase","https://www.googleapis.com/auth/cloud-platform"]
[debug] [2025-12-30T18:53:56.396Z] > authorizing via signed-in user (scottwattenbarger@gmail.com)
[debug] [2025-12-30T18:53:56.400Z] Checked if tokens are valid: false, expires at: 1764178299306
[debug] [2025-12-30T18:53:56.400Z] Checked if tokens are valid: false, expires at: 1764178299306
[debug] [2025-12-30T18:53:56.401Z] > refreshing access token with scopes: []
[debug] [2025-12-30T18:53:56.407Z] >>> [apiv2][query] POST https://www.googleapis.com/oauth2/v3/token [none]
[debug] [2025-12-30T18:53:56.407Z] >>> [apiv2][body] POST https://www.googleapis.com/oauth2/v3/token [omitted]
[debug] [2025-12-30T18:53:56.697Z] <<< [apiv2][status] POST https://www.googleapis.com/oauth2/v3/token 200
[debug] [2025-12-30T18:53:56.698Z] <<< [apiv2][body] POST https://www.googleapis.com/oauth2/v3/token [omitted]
[debug] [2025-12-30T18:53:56.718Z] >>> [apiv2][query] GET https://firebase.googleapis.com/v1beta1/projects pageSize=100
[debug] [2025-12-30T18:53:57.320Z] <<< [apiv2][status] GET https://firebase.googleapis.com/v1beta1/projects 200
[debug] [2025-12-30T18:53:57.320Z] <<< [apiv2][body] GET https://firebase.googleapis.com/v1beta1/projects [omitted]
[info] 
=== App Hosting Setup
[debug] [2025-12-30T18:53:59.978Z] Checked if tokens are valid: true, expires at: 1767124435698
[debug] [2025-12-30T18:53:59.978Z] Checked if tokens are valid: true, expires at: 1767124435698
[debug] [2025-12-30T18:53:59.978Z] >>> [apiv2][query] GET https://cloudbilling.googleapis.com/v1/projects/watch-plug-1/billingInfo [none]
[debug] [2025-12-30T18:54:01.631Z] <<< [apiv2][status] GET https://cloudbilling.googleapis.com/v1/projects/watch-plug-1/billingInfo 200
[debug] [2025-12-30T18:54:01.631Z] <<< [apiv2][body] GET https://cloudbilling.googleapis.com/v1/projects/watch-plug-1/billingInfo {"name":"projects/watch-plug-1/billingInfo","projectId":"watch-plug-1","billingAccountName":"billingAccounts/01C72D-7CAEA4-EFD2E8","billingEnabled":true}
[debug] [2025-12-30T18:54:01.633Z] Checked if tokens are valid: true, expires at: 1767124435698
[debug] [2025-12-30T18:54:01.633Z] Checked if tokens are valid: true, expires at: 1767124435698
[debug] [2025-12-30T18:54:01.633Z] >>> [apiv2][query] GET https://serviceusage.googleapis.com/v1/projects/watch-plug-1/services/firebaseapphosting.googleapis.com [none]
[debug] [2025-12-30T18:54:01.633Z] >>> [apiv2][(partial)header] GET https://serviceusage.googleapis.com/v1/projects/watch-plug-1/services/firebaseapphosting.googleapis.com x-goog-quota-user=projects/watch-plug-1
[debug] [2025-12-30T18:54:02.335Z] <<< [apiv2][status] GET https://serviceusage.googleapis.com/v1/projects/watch-plug-1/services/firebaseapphosting.googleapis.com 200
[debug] [2025-12-30T18:54:02.335Z] <<< [apiv2][body] GET https://serviceusage.googleapis.com/v1/projects/watch-plug-1/services/firebaseapphosting.googleapis.com [omitted]
[debug] [2025-12-30T18:54:02.336Z] Checked if tokens are valid: true, expires at: 1767124435698
[debug] [2025-12-30T18:54:02.336Z] Checked if tokens are valid: true, expires at: 1767124435698
[debug] [2025-12-30T18:54:02.336Z] >>> [apiv2][query] POST https://serviceusage.googleapis.com/v1/projects/watch-plug-1/services/firebaseapphosting.googleapis.com:enable [none]
[debug] [2025-12-30T18:54:02.336Z] >>> [apiv2][(partial)header] POST https://serviceusage.googleapis.com/v1/projects/watch-plug-1/services/firebaseapphosting.googleapis.com:enable x-goog-quota-user=projects/watch-plug-1
[debug] [2025-12-30T18:54:02.729Z] <<< [apiv2][status] POST https://serviceusage.googleapis.com/v1/projects/watch-plug-1/services/firebaseapphosting.googleapis.com:enable 200
[debug] [2025-12-30T18:54:02.730Z] <<< [apiv2][body] POST https://serviceusage.googleapis.com/v1/projects/watch-plug-1/services/firebaseapphosting.googleapis.com:enable [omitted]
[debug] [2025-12-30T18:54:12.757Z] Checked if tokens are valid: true, expires at: 1767124435698
[debug] [2025-12-30T18:54:12.757Z] Checked if tokens are valid: true, expires at: 1767124435698
[debug] [2025-12-30T18:54:12.758Z] Checked if tokens are valid: true, expires at: 1767124435698
[debug] [2025-12-30T18:54:12.758Z] Checked if tokens are valid: true, expires at: 1767124435698
[debug] [2025-12-30T18:54:12.758Z] Checked if tokens are valid: true, expires at: 1767124435698
[debug] [2025-12-30T18:54:12.758Z] Checked if tokens are valid: true, expires at: 1767124435698
[debug] [2025-12-30T18:54:12.758Z] Checked if tokens are valid: true, expires at: 1767124435698
[debug] [2025-12-30T18:54:12.759Z] Checked if tokens are valid: true, expires at: 1767124435698
[debug] [2025-12-30T18:54:12.759Z] Checked if tokens are valid: true, expires at: 1767124435698
[debug] [2025-12-30T18:54:12.759Z] Checked if tokens are valid: true, expires at: 1767124435698
[debug] [2025-12-30T18:54:12.759Z] Checked if tokens are valid: true, expires at: 1767124435698
[debug] [2025-12-30T18:54:12.759Z] Checked if tokens are valid: true, expires at: 1767124435698
[debug] [2025-12-30T18:54:12.759Z] >>> [apiv2][query] GET https://serviceusage.googleapis.com/v1/projects/watch-plug-1/services/developerconnect.googleapis.com [none]
[debug] [2025-12-30T18:54:12.759Z] >>> [apiv2][(partial)header] GET https://serviceusage.googleapis.com/v1/projects/watch-plug-1/services/developerconnect.googleapis.com x-goog-quota-user=projects/watch-plug-1
[debug] [2025-12-30T18:54:12.762Z] >>> [apiv2][query] GET https://serviceusage.googleapis.com/v1/projects/watch-plug-1/services/cloudbuild.googleapis.com [none]
[debug] [2025-12-30T18:54:12.762Z] >>> [apiv2][(partial)header] GET https://serviceusage.googleapis.com/v1/projects/watch-plug-1/services/cloudbuild.googleapis.com x-goog-quota-user=projects/watch-plug-1
[debug] [2025-12-30T18:54:12.764Z] >>> [apiv2][query] GET https://serviceusage.googleapis.com/v1/projects/watch-plug-1/services/secretmanager.googleapis.com [none]
[debug] [2025-12-30T18:54:12.764Z] >>> [apiv2][(partial)header] GET https://serviceusage.googleapis.com/v1/projects/watch-plug-1/services/secretmanager.googleapis.com x-goog-quota-user=projects/watch-plug-1
[debug] [2025-12-30T18:54:12.767Z] >>> [apiv2][query] GET https://serviceusage.googleapis.com/v1/projects/watch-plug-1/services/run.googleapis.com [none]
[debug] [2025-12-30T18:54:12.767Z] >>> [apiv2][(partial)header] GET https://serviceusage.googleapis.com/v1/projects/watch-plug-1/services/run.googleapis.com x-goog-quota-user=projects/watch-plug-1
[debug] [2025-12-30T18:54:12.769Z] >>> [apiv2][query] GET https://serviceusage.googleapis.com/v1/projects/watch-plug-1/services/artifactregistry.googleapis.com [none]
[debug] [2025-12-30T18:54:12.769Z] >>> [apiv2][(partial)header] GET https://serviceusage.googleapis.com/v1/projects/watch-plug-1/services/artifactregistry.googleapis.com x-goog-quota-user=projects/watch-plug-1
[debug] [2025-12-30T18:54:12.771Z] >>> [apiv2][query] GET https://serviceusage.googleapis.com/v1/projects/watch-plug-1/services/iam.googleapis.com [none]
[debug] [2025-12-30T18:54:12.771Z] >>> [apiv2][(partial)header] GET https://serviceusage.googleapis.com/v1/projects/watch-plug-1/services/iam.googleapis.com x-goog-quota-user=projects/watch-plug-1
[debug] [2025-12-30T18:54:13.738Z] <<< [apiv2][status] GET https://serviceusage.googleapis.com/v1/projects/watch-plug-1/services/secretmanager.googleapis.com 200
[debug] [2025-12-30T18:54:13.738Z] <<< [apiv2][body] GET https://serviceusage.googleapis.com/v1/projects/watch-plug-1/services/secretmanager.googleapis.com [omitted]
[debug] [2025-12-30T18:54:13.748Z] <<< [apiv2][status] GET https://serviceusage.googleapis.com/v1/projects/watch-plug-1/services/developerconnect.googleapis.com 200
[debug] [2025-12-30T18:54:13.748Z] <<< [apiv2][body] GET https://serviceusage.googleapis.com/v1/projects/watch-plug-1/services/developerconnect.googleapis.com [omitted]
[debug] [2025-12-30T18:54:13.749Z] Checked if tokens are valid: true, expires at: 1767124435698
[debug] [2025-12-30T18:54:13.749Z] Checked if tokens are valid: true, expires at: 1767124435698
[debug] [2025-12-30T18:54:13.749Z] >>> [apiv2][query] POST https://serviceusage.googleapis.com/v1/projects/watch-plug-1/services/developerconnect.googleapis.com:enable [none]
[debug] [2025-12-30T18:54:13.749Z] >>> [apiv2][(partial)header] POST https://serviceusage.googleapis.com/v1/projects/watch-plug-1/services/developerconnect.googleapis.com:enable x-goog-quota-user=projects/watch-plug-1
[debug] [2025-12-30T18:54:13.753Z] <<< [apiv2][status] GET https://serviceusage.googleapis.com/v1/projects/watch-plug-1/services/iam.googleapis.com 200
[debug] [2025-12-30T18:54:13.753Z] <<< [apiv2][body] GET https://serviceusage.googleapis.com/v1/projects/watch-plug-1/services/iam.googleapis.com [omitted]
[debug] [2025-12-30T18:54:13.766Z] <<< [apiv2][status] GET https://serviceusage.googleapis.com/v1/projects/watch-plug-1/services/cloudbuild.googleapis.com 200
[debug] [2025-12-30T18:54:13.766Z] <<< [apiv2][body] GET https://serviceusage.googleapis.com/v1/projects/watch-plug-1/services/cloudbuild.googleapis.com [omitted]
[debug] [2025-12-30T18:54:13.777Z] <<< [apiv2][status] GET https://serviceusage.googleapis.com/v1/projects/watch-plug-1/services/run.googleapis.com 200
[debug] [2025-12-30T18:54:13.777Z] <<< [apiv2][body] GET https://serviceusage.googleapis.com/v1/projects/watch-plug-1/services/run.googleapis.com [omitted]
[debug] [2025-12-30T18:54:13.784Z] <<< [apiv2][status] GET https://serviceusage.googleapis.com/v1/projects/watch-plug-1/services/artifactregistry.googleapis.com 200
[debug] [2025-12-30T18:54:13.784Z] <<< [apiv2][body] GET https://serviceusage.googleapis.com/v1/projects/watch-plug-1/services/artifactregistry.googleapis.com [omitted]
[debug] [2025-12-30T18:54:14.278Z] <<< [apiv2][status] POST https://serviceusage.googleapis.com/v1/projects/watch-plug-1/services/developerconnect.googleapis.com:enable 200
[debug] [2025-12-30T18:54:14.279Z] <<< [apiv2][body] POST https://serviceusage.googleapis.com/v1/projects/watch-plug-1/services/developerconnect.googleapis.com:enable [omitted]
[debug] [2025-12-30T18:54:24.297Z] Checked if tokens are valid: true, expires at: 1767124435698
[debug] [2025-12-30T18:54:24.298Z] Checked if tokens are valid: true, expires at: 1767124435698
[debug] [2025-12-30T18:54:24.298Z] >>> [apiv2][query] POST https://iam.googleapis.com/v1/projects/watch-plug-1/serviceAccounts/firebase-app-hosting-compute@watch-plug-1.iam.gserviceaccount.com:testIamPermissions [none]
[debug] [2025-12-30T18:54:24.298Z] >>> [apiv2][(partial)header] POST https://iam.googleapis.com/v1/projects/watch-plug-1/serviceAccounts/firebase-app-hosting-compute@watch-plug-1.iam.gserviceaccount.com:testIamPermissions x-goog-quota-user=projects/watch-plug-1
[debug] [2025-12-30T18:54:24.298Z] >>> [apiv2][body] POST https://iam.googleapis.com/v1/projects/watch-plug-1/serviceAccounts/firebase-app-hosting-compute@watch-plug-1.iam.gserviceaccount.com:testIamPermissions {"permissions":["iam.serviceAccounts.actAs"]}
[debug] [2025-12-30T18:54:24.840Z] <<< [apiv2][status] POST https://iam.googleapis.com/v1/projects/watch-plug-1/serviceAccounts/firebase-app-hosting-compute@watch-plug-1.iam.gserviceaccount.com:testIamPermissions 404
[debug] [2025-12-30T18:54:24.840Z] <<< [apiv2][body] POST https://iam.googleapis.com/v1/projects/watch-plug-1/serviceAccounts/firebase-app-hosting-compute@watch-plug-1.iam.gserviceaccount.com:testIamPermissions {"error":{"code":404,"message":"Unknown service account","status":"NOT_FOUND"}}
[debug] [2025-12-30T18:54:24.842Z] Checked if tokens are valid: true, expires at: 1767124435698
[debug] [2025-12-30T18:54:24.842Z] Checked if tokens are valid: true, expires at: 1767124435698
[debug] [2025-12-30T18:54:24.842Z] >>> [apiv2][query] POST https://iam.googleapis.com/v1/projects/watch-plug-1/serviceAccounts [none]
[debug] [2025-12-30T18:54:24.842Z] >>> [apiv2][body] POST https://iam.googleapis.com/v1/projects/watch-plug-1/serviceAccounts {"accountId":"firebase-app-hosting-compute","serviceAccount":{"displayName":"Firebase App Hosting compute service account","description":"Default service account used to run builds and deploys for Firebase App Hosting"}}
[debug] [2025-12-30T18:54:25.457Z] <<< [apiv2][status] POST https://iam.googleapis.com/v1/projects/watch-plug-1/serviceAccounts 200
[debug] [2025-12-30T18:54:25.457Z] <<< [apiv2][body] POST https://iam.googleapis.com/v1/projects/watch-plug-1/serviceAccounts [omitted]
[debug] [2025-12-30T18:54:25.458Z] Checked if tokens are valid: true, expires at: 1767124435698
[debug] [2025-12-30T18:54:25.458Z] Checked if tokens are valid: true, expires at: 1767124435698
[debug] [2025-12-30T18:54:25.458Z] >>> [apiv2][query] POST https://cloudresourcemanager.googleapis.com/v1/projects/watch-plug-1:getIamPolicy [none]
[debug] [2025-12-30T18:54:26.044Z] <<< [apiv2][status] POST https://cloudresourcemanager.googleapis.com/v1/projects/watch-plug-1:getIamPolicy 200
[debug] [2025-12-30T18:54:26.045Z] <<< [apiv2][body] POST https://cloudresourcemanager.googleapis.com/v1/projects/watch-plug-1:getIamPolicy {"version":1,"etag":"BwZHL+KWy3A=","bindings":[{"role":"roles/cloudbuild.builds.builder","members":["serviceAccount:478262900344@cloudbuild.gserviceaccount.com"]},{"role":"roles/cloudbuild.serviceAgent","members":["serviceAccount:service-478262900344@gcp-sa-cloudbuild.iam.gserviceaccount.com"]},{"role":"roles/containerregistry.ServiceAgent","members":["serviceAccount:service-478262900344@containerregistry.iam.gserviceaccount.com"]},{"role":"roles/editor","members":["serviceAccount:478262900344-compute@developer.gserviceaccount.com"]},{"role":"roles/firebase.managementServiceAgent","members":["serviceAccount:service-478262900344@gcp-sa-firebase.iam.gserviceaccount.com"]},{"role":"roles/firebase.sdkAdminServiceAgent","members":["serviceAccount:firebase-adminsdk-fbsvc@watch-plug-1.iam.gserviceaccount.com"]},{"role":"roles/firebaserules.system","members":["serviceAccount:service-478262900344@firebase-rules.iam.gserviceaccount.com"]},{"role":"roles/firestore.serviceAgent","members":["serviceAccount:service-478262900344@gcp-sa-firestore.iam.gserviceaccount.com"]},{"role":"roles/iam.serviceAccountTokenCreator","members":["serviceAccount:firebase-adminsdk-fbsvc@watch-plug-1.iam.gserviceaccount.com"]},{"role":"roles/owner","members":["user:Scottwattenbarger@gmail.com"]},{"role":"roles/run.serviceAgent","members":["serviceAccount:service-478262900344@serverless-robot-prod.iam.gserviceaccount.com"]},{"role":"roles/storage.admin","members":["serviceAccount:firebase-adminsdk-fbsvc@watch-plug-1.iam.gserviceaccount.com"]}]}
[debug] [2025-12-30T18:54:26.046Z] Checked if tokens are valid: true, expires at: 1767124435698
[debug] [2025-12-30T18:54:26.046Z] Checked if tokens are valid: true, expires at: 1767124435698
[debug] [2025-12-30T18:54:26.046Z] >>> [apiv2][query] POST https://cloudresourcemanager.googleapis.com/v1/projects/watch-plug-1:setIamPolicy [none]
[debug] [2025-12-30T18:54:26.046Z] >>> [apiv2][body] POST https://cloudresourcemanager.googleapis.com/v1/projects/watch-plug-1:setIamPolicy {"policy":{"version":1,"etag":"BwZHL+KWy3A=","bindings":[{"role":"roles/cloudbuild.builds.builder","members":["serviceAccount:478262900344@cloudbuild.gserviceaccount.com"]},{"role":"roles/cloudbuild.serviceAgent","members":["serviceAccount:service-478262900344@gcp-sa-cloudbuild.iam.gserviceaccount.com"]},{"role":"roles/containerregistry.ServiceAgent","members":["serviceAccount:service-478262900344@containerregistry.iam.gserviceaccount.com"]},{"role":"roles/editor","members":["serviceAccount:478262900344-compute@developer.gserviceaccount.com"]},{"role":"roles/firebase.managementServiceAgent","members":["serviceAccount:service-478262900344@gcp-sa-firebase.iam.gserviceaccount.com"]},{"role":"roles/firebase.sdkAdminServiceAgent","members":["serviceAccount:firebase-adminsdk-fbsvc@watch-plug-1.iam.gserviceaccount.com","serviceAccount:firebase-app-hosting-compute@watch-plug-1.iam.gserviceaccount.com"]},{"role":"roles/firebaserules.system","members":["serviceAccount:service-478262900344@firebase-rules.iam.gserviceaccount.com"]},{"role":"roles/firestore.serviceAgent","members":["serviceAccount:service-478262900344@gcp-sa-firestore.iam.gserviceaccount.com"]},{"role":"roles/iam.serviceAccountTokenCreator","members":["serviceAccount:firebase-adminsdk-fbsvc@watch-plug-1.iam.gserviceaccount.com"]},{"role":"roles/owner","members":["user:Scottwattenbarger@gmail.com"]},{"role":"roles/run.serviceAgent","members":["serviceAccount:service-478262900344@serverless-robot-prod.iam.gserviceaccount.com"]},{"role":"roles/storage.admin","members":["serviceAccount:firebase-adminsdk-fbsvc@watch-plug-1.iam.gserviceaccount.com"]},{"role":"roles/firebaseapphosting.computeRunner","members":["serviceAccount:firebase-app-hosting-compute@watch-plug-1.iam.gserviceaccount.com"]},{"role":"roles/developerconnect.readTokenAccessor","members":["serviceAccount:firebase-app-hosting-compute@watch-plug-1.iam.gserviceaccount.com"]},{"role":"roles/storage.objectViewer","members":["serviceAccount:firebase-app-hosting-compute@watch-plug-1.iam.gserviceaccount.com"]}]},"updateMask":"bindings"}
[debug] [2025-12-30T18:54:26.935Z] <<< [apiv2][status] POST https://cloudresourcemanager.googleapis.com/v1/projects/watch-plug-1:setIamPolicy 200
[debug] [2025-12-30T18:54:26.935Z] <<< [apiv2][body] POST https://cloudresourcemanager.googleapis.com/v1/projects/watch-plug-1:setIamPolicy {"version":1,"etag":"BwZHL+ONc0Q=","bindings":[{"role":"roles/cloudbuild.builds.builder","members":["serviceAccount:478262900344@cloudbuild.gserviceaccount.com"]},{"role":"roles/cloudbuild.serviceAgent","members":["serviceAccount:service-478262900344@gcp-sa-cloudbuild.iam.gserviceaccount.com"]},{"role":"roles/containerregistry.ServiceAgent","members":["serviceAccount:service-478262900344@containerregistry.iam.gserviceaccount.com"]},{"role":"roles/developerconnect.readTokenAccessor","members":["serviceAccount:firebase-app-hosting-compute@watch-plug-1.iam.gserviceaccount.com"]},{"role":"roles/editor","members":["serviceAccount:478262900344-compute@developer.gserviceaccount.com"]},{"role":"roles/firebase.managementServiceAgent","members":["serviceAccount:service-478262900344@gcp-sa-firebase.iam.gserviceaccount.com"]},{"role":"roles/firebase.sdkAdminServiceAgent","members":["serviceAccount:firebase-adminsdk-fbsvc@watch-plug-1.iam.gserviceaccount.com","serviceAccount:firebase-app-hosting-compute@watch-plug-1.iam.gserviceaccount.com"]},{"role":"roles/firebaseapphosting.computeRunner","members":["serviceAccount:firebase-app-hosting-compute@watch-plug-1.iam.gserviceaccount.com"]},{"role":"roles/firebaserules.system","members":["serviceAccount:service-478262900344@firebase-rules.iam.gserviceaccount.com"]},{"role":"roles/firestore.serviceAgent","members":["serviceAccount:service-478262900344@gcp-sa-firestore.iam.gserviceaccount.com"]},{"role":"roles/iam.serviceAccountTokenCreator","members":["serviceAccount:firebase-adminsdk-fbsvc@watch-plug-1.iam.gserviceaccount.com"]},{"role":"roles/owner","members":["user:Scottwattenbarger@gmail.com"]},{"role":"roles/run.serviceAgent","members":["serviceAccount:service-478262900344@serverless-robot-prod.iam.gserviceaccount.com"]},{"role":"roles/storage.admin","members":["serviceAccount:firebase-adminsdk-fbsvc@watch-plug-1.iam.gserviceaccount.com"]},{"role":"roles/storage.objectViewer","members":["serviceAccount:firebase-app-hosting-compute@watch-plug-1.iam.gserviceaccount.com"]}]}
[info] i  This command links your local project to Firebase App Hosting. You will be able to deploy your web app with `firebase deploy` after setup. 
[debug] [2025-12-30T18:54:49.302Z] Checked if tokens are valid: true, expires at: 1767124435698
[debug] [2025-12-30T18:54:49.320Z] Checked if tokens are valid: true, expires at: 1767124435698
[debug] [2025-12-30T18:54:49.321Z] >>> [apiv2][query] GET https://firebaseapphosting.googleapis.com/v1beta/projects/watch-plug-1/locations/-/backends 
[debug] [2025-12-30T18:54:50.104Z] <<< [apiv2][status] GET https://firebaseapphosting.googleapis.com/v1beta/projects/watch-plug-1/locations/-/backends 200
[debug] [2025-12-30T18:54:50.105Z] <<< [apiv2][body] GET https://firebaseapphosting.googleapis.com/v1beta/projects/watch-plug-1/locations/-/backends {}
[debug] [2025-12-30T18:55:00.211Z] ExitPromptError: User force closed the prompt with SIGINT
    at Interface.sigint (/Users/scottwattenbarger/.nvm/versions/node/v20.19.2/lib/node_modules/firebase-tools/node_modules/@inquirer/core/dist/commonjs/lib/create-prompt.js:101:37)
    at Interface.emit (node:events:524:28)
    at [_ttyWrite] [as _ttyWrite] (node:internal/readline/interface:1125:18)
    at ReadStream.onkeypress (node:internal/readline/interface:264:20)
    at ReadStream.emit (node:events:536:35)
    at emitKeys (node:internal/readline/utils:371:14)
    at emitKeys.next (<anonymous>)
    at ReadStream.onData (node:internal/readline/emitKeypressEvents:64:36)
    at ReadStream.emit (node:events:524:28)
    at addChunk (node:internal/streams/readable:561:12)
[error] 
[error] Error: An unexpected error has occurred.
